<?xml version="1.0" encoding="UTF-8"?>
<testsuite name="TestSuite" time="26.324" tests="9" errors="0" skipped="8" failures="1">
  <properties>
    <property name="java.runtime.name" value="Java(TM) SE Runtime Environment"/>
    <property name="sun.boot.library.path" value="C:\jba\jdk-8u111\jre\bin"/>
    <property name="java.vm.version" value="25.111-b14"/>
    <property name="java.vm.vendor" value="Oracle Corporation"/>
    <property name="maven.multiModuleProjectDirectory" value="C:\Users\biswanath.a.das\Desktop\SeleniumExpertFramework\Selenium_Framework_V1.0"/>
    <property name="java.vendor.url" value="http://java.oracle.com/"/>
    <property name="path.separator" value=";"/>
    <property name="guice.disable.misplaced.annotation.check" value="true"/>
    <property name="java.vm.name" value="Java HotSpot(TM) Client VM"/>
    <property name="file.encoding.pkg" value="sun.io"/>
    <property name="user.script" value=""/>
    <property name="user.country" value="IN"/>
    <property name="sun.java.launcher" value="SUN_STANDARD"/>
    <property name="sun.os.patch.level" value=""/>
    <property name="java.vm.specification.name" value="Java Virtual Machine Specification"/>
    <property name="user.dir" value="C:\Users\biswanath.a.das\Desktop\SeleniumExpertFramework\Selenium_Framework_V1.0"/>
    <property name="java.runtime.version" value="1.8.0_111-b14"/>
    <property name="java.awt.graphicsenv" value="sun.awt.Win32GraphicsEnvironment"/>
    <property name="basedir" value="C:\Users\biswanath.a.das\Desktop\SeleniumExpertFramework\Selenium_Framework_V1.0"/>
    <property name="java.endorsed.dirs" value="C:\jba\jdk-8u111\jre\lib\endorsed"/>
    <property name="os.arch" value="x86"/>
    <property name="java.io.tmpdir" value="C:\Users\BISWAN~1.DAS\AppData\Local\Temp\"/>
    <property name="line.separator" value="&#10;"/>
    <property name="java.vm.specification.vendor" value="Oracle Corporation"/>
    <property name="user.variant" value=""/>
    <property name="os.name" value="Windows 10"/>
    <property name="classworlds.conf" value="C:\jba\workspaces\default\.metadata\.plugins\org.eclipse.m2e.launching\launches\m2conf181346369403596976.tmp"/>
    <property name="sun.jnu.encoding" value="Cp1252"/>
    <property name="java.library.path" value="C:\jba\jdk-8u111\bin;C:\Windows\Sun\Java\bin;C:\Windows\system32;C:\Windows;C:\jba\jdk-8u111\bin;C:\jba\apache-maven-3.3.9\bin;C:\jba\tools\sonarqube-scanner-2.8\bin;C:\ProgramData\Oracle\Java\javapath;C:\Windows\system32;C:\Windows;C:\Windows\System32\Wbem;C:\Windows\System32\WindowsPowerShell\v1.0\;C:\Program Files (x86)\Java\jre\bin;C:\Program Files (x86)\Java\jre\bin;;."/>
    <property name="surefire.test.class.path" value="C:\Users\biswanath.a.das\Desktop\SeleniumExpertFramework\Selenium_Framework_V1.0\target\test-classes;C:\Users\biswanath.a.das\Desktop\SeleniumExpertFramework\Selenium_Framework_V1.0\target\classes;C:\jba\mvnrepository\junit\junit\4.11\junit-4.11.jar;C:\jba\mvnrepository\org\hamcrest\hamcrest-core\1.3\hamcrest-core-1.3.jar;C:\jba\mvnrepository\xml-apis\xml-apis\1.4.01\xml-apis-1.4.01.jar;C:\jba\mvnrepository\org\apache\poi\poi-ooxml\3.6\poi-ooxml-3.6.jar;C:\jba\mvnrepository\net\sourceforge\jexcelapi\jxl\2.6.3\jxl-2.6.3.jar;C:\jba\mvnrepository\log4j\log4j\1.2.14\log4j-1.2.14.jar;C:\jba\mvnrepository\javax\mail\mail\1.4\mail-1.4.jar;C:\jba\mvnrepository\javax\activation\activation\1.1\activation-1.1.jar;C:\jba\mvnrepository\org\apache\poi\poi-contrib\3.6\poi-contrib-3.6.jar;C:\jba\mvnrepository\commons-logging\commons-logging\1.1\commons-logging-1.1.jar;C:\jba\mvnrepository\logkit\logkit\1.0.1\logkit-1.0.1.jar;C:\jba\mvnrepository\avalon-framework\avalon-framework\4.1.3\avalon-framework-4.1.3.jar;C:\jba\mvnrepository\javax\servlet\servlet-api\2.3\servlet-api-2.3.jar;C:\jba\mvnrepository\org\apache\geronimo\specs\geronimo-stax-api_1.0_spec\1.0.1\geronimo-stax-api_1.0_spec-1.0.1.jar;C:\jba\mvnrepository\org\apache\poi\poi\3.6\poi-3.6.jar;C:\jba\mvnrepository\org\apache\poi\poi-ooxml-schemas\3.6\poi-ooxml-schemas-3.6.jar;C:\jba\mvnrepository\org\apache\poi\poi-scratchpad\3.6\poi-scratchpad-3.6.jar;C:\jba\mvnrepository\dom4j\dom4j\1.6.1\dom4j-1.6.1.jar;C:\jba\mvnrepository\org\apache\xmlbeans\xmlbeans\2.3.0\xmlbeans-2.3.0.jar;C:\jba\mvnrepository\stax\stax-api\1.0.1\stax-api-1.0.1.jar;C:\jba\mvnrepository\org\testng\testng\6.8\testng-6.8.jar;C:\jba\mvnrepository\org\beanshell\bsh\2.0b4\bsh-2.0b4.jar;C:\jba\mvnrepository\com\beust\jcommander\1.27\jcommander-1.27.jar;C:\jba\mvnrepository\org\yaml\snakeyaml\1.6\snakeyaml-1.6.jar;C:\jba\mvnrepository\com\google\inject\guice\4.0-beta\guice-4.0-beta.jar;C:\jba\mvnrepository\javax\inject\javax.inject\1\javax.inject-1.jar;C:\jba\mvnrepository\aopalliance\aopalliance\1.0\aopalliance-1.0.jar;C:\jba\mvnrepository\velocity\velocity-dep\1.4\velocity-dep-1.4.jar;C:\jba\mvnrepository\org\seleniumhq\selenium\selenium-java\2.48.0\selenium-java-2.48.0.jar;C:\jba\mvnrepository\org\seleniumhq\selenium\selenium-chrome-driver\2.48.0\selenium-chrome-driver-2.48.0.jar;C:\jba\mvnrepository\org\seleniumhq\selenium\selenium-remote-driver\2.48.0\selenium-remote-driver-2.48.0.jar;C:\jba\mvnrepository\cglib\cglib-nodep\2.1_3\cglib-nodep-2.1_3.jar;C:\jba\mvnrepository\com\google\code\gson\gson\2.3.1\gson-2.3.1.jar;C:\jba\mvnrepository\org\seleniumhq\selenium\selenium-api\2.48.0\selenium-api-2.48.0.jar;C:\jba\mvnrepository\org\seleniumhq\selenium\selenium-edge-driver\2.48.0\selenium-edge-driver-2.48.0.jar;C:\jba\mvnrepository\commons-io\commons-io\2.4\commons-io-2.4.jar;C:\jba\mvnrepository\org\apache\commons\commons-exec\1.3\commons-exec-1.3.jar;C:\jba\mvnrepository\org\seleniumhq\selenium\selenium-htmlunit-driver\2.48.0\selenium-htmlunit-driver-2.48.0.jar;C:\jba\mvnrepository\net\sourceforge\htmlunit\htmlunit\2.18\htmlunit-2.18.jar;C:\jba\mvnrepository\xalan\xalan\2.7.2\xalan-2.7.2.jar;C:\jba\mvnrepository\xalan\serializer\2.7.2\serializer-2.7.2.jar;C:\jba\mvnrepository\commons-collections\commons-collections\3.2.1\commons-collections-3.2.1.jar;C:\jba\mvnrepository\org\apache\commons\commons-lang3\3.4\commons-lang3-3.4.jar;C:\jba\mvnrepository\org\apache\httpcomponents\httpmime\4.5\httpmime-4.5.jar;C:\jba\mvnrepository\commons-codec\commons-codec\1.10\commons-codec-1.10.jar;C:\jba\mvnrepository\net\sourceforge\htmlunit\htmlunit-core-js\2.17\htmlunit-core-js-2.17.jar;C:\jba\mvnrepository\xerces\xercesImpl\2.11.0\xercesImpl-2.11.0.jar;C:\jba\mvnrepository\net\sourceforge\nekohtml\nekohtml\1.9.22\nekohtml-1.9.22.jar;C:\jba\mvnrepository\net\sourceforge\cssparser\cssparser\0.9.16\cssparser-0.9.16.jar;C:\jba\mvnrepository\org\w3c\css\sac\1.3\sac-1.3.jar;C:\jba\mvnrepository\org\eclipse\jetty\websocket\websocket-client\9.2.12.v20150709\websocket-client-9.2.12.v20150709.jar;C:\jba\mvnrepository\org\eclipse\jetty\jetty-util\9.2.12.v20150709\jetty-util-9.2.12.v20150709.jar;C:\jba\mvnrepository\org\eclipse\jetty\jetty-io\9.2.12.v20150709\jetty-io-9.2.12.v20150709.jar;C:\jba\mvnrepository\org\eclipse\jetty\websocket\websocket-common\9.2.12.v20150709\websocket-common-9.2.12.v20150709.jar;C:\jba\mvnrepository\org\eclipse\jetty\websocket\websocket-api\9.2.12.v20150709\websocket-api-9.2.12.v20150709.jar;C:\jba\mvnrepository\org\apache\httpcomponents\httpclient\4.5\httpclient-4.5.jar;C:\jba\mvnrepository\org\apache\httpcomponents\httpcore\4.4.1\httpcore-4.4.1.jar;C:\jba\mvnrepository\org\seleniumhq\selenium\selenium-firefox-driver\2.48.0\selenium-firefox-driver-2.48.0.jar;C:\jba\mvnrepository\org\seleniumhq\selenium\selenium-ie-driver\2.48.0\selenium-ie-driver-2.48.0.jar;C:\jba\mvnrepository\net\java\dev\jna\jna\4.1.0\jna-4.1.0.jar;C:\jba\mvnrepository\net\java\dev\jna\jna-platform\4.1.0\jna-platform-4.1.0.jar;C:\jba\mvnrepository\org\seleniumhq\selenium\selenium-safari-driver\2.48.0\selenium-safari-driver-2.48.0.jar;C:\jba\mvnrepository\org\seleniumhq\selenium\selenium-support\2.48.0\selenium-support-2.48.0.jar;C:\jba\mvnrepository\org\webbitserver\webbit\0.4.14\webbit-0.4.14.jar;C:\jba\mvnrepository\io\netty\netty\3.5.2.Final\netty-3.5.2.Final.jar;C:\jba\mvnrepository\org\seleniumhq\selenium\selenium-leg-rc\2.48.0\selenium-leg-rc-2.48.0.jar;C:\jba\mvnrepository\com\google\guava\guava\18.0\guava-18.0.jar;C:\jba\mvnrepository\org\uncommons\reportng\1.1.4\reportng-1.1.4.jar;C:\jba\mvnrepository\velocity\velocity\1.4\velocity-1.4.jar;C:\jba\mvnrepository\com\relevantcodes\extentreports\2.05\extentreports-2.05.jar;C:\jba\mvnrepository\org\json\json\20090211\json-20090211.jar;C:\jba\mvnrepository\org\apache\maven\surefire\surefire-testng-utils\2.18.1\surefire-testng-utils-2.18.1.jar;C:\jba\mvnrepository\org\apache\maven\surefire\surefire-grouper\2.18.1\surefire-grouper-2.18.1.jar;"/>
    <property name="java.specification.name" value="Java Platform API Specification"/>
    <property name="java.class.version" value="52.0"/>
    <property name="sun.management.compiler" value="HotSpot Client Compiler"/>
    <property name="os.version" value="10.0"/>
    <property name="user.home" value="C:\Users\biswanath.a.das"/>
    <property name="user.timezone" value="Asia/Calcutta"/>
    <property name="java.awt.printerjob" value="sun.awt.windows.WPrinterJob"/>
    <property name="java.specification.version" value="1.8"/>
    <property name="file.encoding" value="Cp1252"/>
    <property name="user.name" value="biswanath.a.das"/>
    <property name="java.class.path" value="C:\jba\apache-maven-3.3.9\boot\plexus-classworlds-2.5.2.jar"/>
    <property name="java.vm.specification.version" value="1.8"/>
    <property name="sun.arch.data.model" value="32"/>
    <property name="java.home" value="C:\jba\jdk-8u111\jre"/>
    <property name="sun.java.command" value="org.codehaus.plexus.classworlds.launcher.Launcher -B test"/>
    <property name="java.specification.vendor" value="Oracle Corporation"/>
    <property name="user.language" value="en"/>
    <property name="awt.toolkit" value="sun.awt.windows.WToolkit"/>
    <property name="java.vm.info" value="mixed mode"/>
    <property name="java.version" value="1.8.0_111"/>
    <property name="java.ext.dirs" value="C:\jba\jdk-8u111\jre\lib\ext;C:\Windows\Sun\Java\lib\ext"/>
    <property name="sun.boot.class.path" value="C:\jba\jdk-8u111\jre\lib\resources.jar;C:\jba\jdk-8u111\jre\lib\rt.jar;C:\jba\jdk-8u111\jre\lib\sunrsasign.jar;C:\jba\jdk-8u111\jre\lib\jsse.jar;C:\jba\jdk-8u111\jre\lib\jce.jar;C:\jba\jdk-8u111\jre\lib\charsets.jar;C:\jba\jdk-8u111\jre\lib\jfr.jar;C:\jba\jdk-8u111\jre\classes"/>
    <property name="java.vendor" value="Oracle Corporation"/>
    <property name="maven.home" value="C:\jba\apache-maven-3.3.9"/>
    <property name="localRepository" value="C:\jba\mvnrepository"/>
    <property name="file.separator" value="\"/>
    <property name="java.vendor.url.bug" value="http://bugreport.sun.com/bugreport/"/>
    <property name="sun.cpu.endian" value="little"/>
    <property name="sun.io.unicode.encoding" value="UnicodeLittle"/>
    <property name="sun.desktop" value="windows"/>
    <property name="sun.cpu.isalist" value=""/>
  </properties>
  <testcase name="Open" classname="scripts.travels" time="26.324">
    <failure message="Error communicating with the remote browser. It may have died.&#10;Build info: version: &apos;2.48.0&apos;, revision: &apos;b7b081a4f1289f17e8ecd38bc67e137c2a12e34a&apos;, time: &apos;2015-10-07 09:50:14&apos;&#10;System info: host: &apos;P5-508SC8Q&apos;, ip: &apos;10.195.108.75&apos;, os.name: &apos;Windows 10&apos;, os.arch: &apos;x86&apos;, os.version: &apos;10.0&apos;, java.version: &apos;1.8.0_111&apos;&#10;Driver info: driver.version: FirefoxDriver" type="org.openqa.selenium.remote.UnreachableBrowserException">org.openqa.selenium.remote.UnreachableBrowserException: Error communicating with the remote browser. It may have died.
Build info: version: '2.48.0', revision: 'b7b081a4f1289f17e8ecd38bc67e137c2a12e34a', time: '2015-10-07 09:50:14'
System info: host: 'P5-508SC8Q', ip: '10.195.108.75', os.name: 'Windows 10', os.arch: 'x86', os.version: '10.0', java.version: '1.8.0_111'
Driver info: driver.version: FirefoxDriver
	at org.apache.http.impl.io.ContentLengthInputStream.read(ContentLengthInputStream.java:180)
	at org.apache.http.impl.io.ContentLengthInputStream.read(ContentLengthInputStream.java:200)
	at org.apache.http.impl.io.ContentLengthInputStream.close(ContentLengthInputStream.java:103)
	at org.apache.http.impl.execchain.ResponseEntityProxy.streamClosed(ResponseEntityProxy.java:128)
	at org.apache.http.conn.EofSensorInputStream.checkClose(EofSensorInputStream.java:228)
	at org.apache.http.conn.EofSensorInputStream.close(EofSensorInputStream.java:174)
	at org.apache.http.util.EntityUtils.consume(EntityUtils.java:88)
	at org.openqa.selenium.remote.internal.ApacheHttpClient.createResponse(ApacheHttpClient.java:112)
	at org.openqa.selenium.remote.internal.ApacheHttpClient.execute(ApacheHttpClient.java:93)
	at org.openqa.selenium.remote.HttpCommandExecutor.execute(HttpCommandExecutor.java:142)
	at org.openqa.selenium.firefox.internal.NewProfileExtensionConnection.execute(NewProfileExtensionConnection.java:170)
	at org.openqa.selenium.firefox.FirefoxDriver$LazyCommandExecutor.execute(FirefoxDriver.java:380)
	at org.openqa.selenium.remote.RemoteWebDriver.execute(RemoteWebDriver.java:620)
	at org.openqa.selenium.firefox.FirefoxDriver.access$100(FirefoxDriver.java:65)
	at org.openqa.selenium.firefox.FirefoxDriver$1$1.implicitlyWait(FirefoxDriver.java:244)
	at scripts.travels.Open(travels.java:47)
</failure>
  </testcase>
  <testcase name="businessAdvisorValidation" classname="scripts.travels" time="0">
    <skipped/>
    <system-out><![CDATA[The total rows are : 7
The total colums are : 27
n
The cell values are : 1,0: n
login
The cell values are : 1,1: login
http://newtours.demoaut.com/mercurywelcome.php
The cell values are : 1,2: http://newtours.demoaut.com/mercurywelcome.php
adtestid51
The cell values are : 1,3: adtestid51
xE2w04kC1a7Se5Vh69g3
The cell values are : 1,4: xE2w04kC1a7Se5Vh69g3

The cell values are : 1,5: 

The cell values are : 1,6: 

The cell values are : 1,7: 

The cell values are : 1,8: 

The cell values are : 1,9: 

The cell values are : 1,10: 

The cell values are : 1,11: 

The cell values are : 1,12: 

The cell values are : 1,13: 

The cell values are : 1,14: 

The cell values are : 1,15: 
y
The cell values are : 2,0: y
Register
The cell values are : 2,1: Register

The cell values are : 2,2: 

The cell values are : 2,3: 

The cell values are : 2,4: 
biswanath
The cell values are : 2,5: biswanath
das
The cell values are : 2,6: das
7.710971176E9
The cell values are : 2,7: 7.710971176E9
bdas9261@gmail.com
The cell values are : 2,8: bdas9261@gmail.com
gffhghgbkj
The cell values are : 2,9: gffhghgbkj
pune
The cell values are : 2,10: pune
Maharashtra
The cell values are : 2,11: Maharashtra
755007.0
The cell values are : 2,12: 755007.0
ALBANIA
The cell values are : 2,13: ALBANIA
bdas9261
The cell values are : 2,14: bdas9261
fdfdfddg
The cell values are : 2,15: fdfdfddg
fdfdfddg
The cell values are : 2,16: fdfdfddg
y
The cell values are : 3,0: y
Signin
The cell values are : 3,1: Signin

The cell values are : 3,2: 

The cell values are : 3,3: 

The cell values are : 3,4: 

The cell values are : 3,5: 

The cell values are : 3,6: 

The cell values are : 3,7: 

The cell values are : 3,8: 

The cell values are : 3,9: 

The cell values are : 3,10: 

The cell values are : 3,11: 

The cell values are : 3,12: 

The cell values are : 3,13: 

The cell values are : 3,14: 

The cell values are : 3,15: 
bdas9261
The cell values are : 3,17: bdas9261
fdfdfddg
The cell values are : 3,18: fdfdfddg
y
The cell values are : 4,0: y
TraveDetails
The cell values are : 4,1: TraveDetails

The cell values are : 4,2: 

The cell values are : 4,3: 

The cell values are : 4,4: 

The cell values are : 4,5: 

The cell values are : 4,6: 

The cell values are : 4,7: 

The cell values are : 4,8: 

The cell values are : 4,9: 

The cell values are : 4,10: 
TestRole
The cell values are : 4,11: TestRole

The cell values are : 4,12: 

The cell values are : 4,13: 

The cell values are : 4,14: 

The cell values are : 4,15: 
3.0
The cell values are : 4,19: 3.0
New York
The cell values are : 4,20: New York
January
The cell values are : 4,21: January
23.0
The cell values are : 4,22: 23.0
Frankfurt
The cell values are : 4,23: Frankfurt
January
The cell values are : 4,24: January
25.0
The cell values are : 4,25: 25.0
Unified Airlines
The cell values are : 4,26: Unified Airlines
n
The cell values are : 5,0: n

The cell values are : 5,1: 

The cell values are : 5,2: 

The cell values are : 5,3: 

The cell values are : 5,4: 

The cell values are : 5,5: 

The cell values are : 5,6: 

The cell values are : 5,7: 

The cell values are : 5,8: 

The cell values are : 5,9: 
n.kumarasamy
The cell values are : 5,10: n.kumarasamy

The cell values are : 5,11: 

The cell values are : 5,12: 

The cell values are : 5,13: 

The cell values are : 5,14: 

The cell values are : 5,15: 
n
The cell values are : 6,0: n

The cell values are : 6,1: 

The cell values are : 6,2: 

The cell values are : 6,3: 

The cell values are : 6,4: 

The cell values are : 6,5: 

The cell values are : 6,6: 

The cell values are : 6,7: 

The cell values are : 6,8: 

The cell values are : 6,9: 

The cell values are : 6,10: 

The cell values are : 6,11: 
adtestid54
The cell values are : 6,12: adtestid54

The cell values are : 6,13: 

The cell values are : 6,14: 

The cell values are : 6,15: 
n
The cell values are : 7,0: n

The cell values are : 7,1: 

The cell values are : 7,2: 

The cell values are : 7,3: 

The cell values are : 7,4: 

The cell values are : 7,5: 

The cell values are : 7,6: 

The cell values are : 7,7: 

The cell values are : 7,8: 

The cell values are : 7,9: 

The cell values are : 7,10: 
ADMIN
The cell values are : 7,11: ADMIN

The cell values are : 7,12: 
Read
The cell values are : 7,13: Read
GEN 4 PROJECT TRACKER
The cell values are : 7,14: GEN 4 PROJECT TRACKER

The cell values are : 7,15: 
]]></system-out>
  </testcase>
  <testcase name="businessAdvisorValidation" classname="scripts.travels" time="0">
    <skipped/>
  </testcase>
  <testcase name="businessAdvisorValidation" classname="scripts.travels" time="0">
    <skipped/>
  </testcase>
  <testcase name="businessAdvisorValidation" classname="scripts.travels" time="0">
    <skipped/>
  </testcase>
  <testcase name="businessAdvisorValidation" classname="scripts.travels" time="0">
    <skipped/>
  </testcase>
  <testcase name="businessAdvisorValidation" classname="scripts.travels" time="0">
    <skipped/>
  </testcase>
  <testcase name="businessAdvisorValidation" classname="scripts.travels" time="0">
    <skipped/>
  </testcase>
  <testcase name="tearDown" classname="scripts.travels" time="0">
    <skipped/>
  </testcase>
</testsuite>